/*C1*/SET SCHEMA SYSTEM_LOBS
INSERT INTO BLOCKS VALUES(0,2147483647,0)
COMMIT
/*C2*/SET SCHEMA PUBLIC
CREATE TABLE IF NOT EXISTS Driver ( firstName TEXT, lastName TEXT, phoneNumber TEXT, rid BIGINT IDENTITY PRIMARY KEY, id BIGINT, cf BOOLEAN, df BOOLEAN, arsd TIMESTAMP DEFAULT CURRENT_TIMESTAMP, ared TIMESTAMP NULL, euid BIGINT, esid BIGINT, tid BIGINT)
DISCONNECT
/*C3*/SET SCHEMA PUBLIC
CREATE TABLE IF NOT EXISTS Car ( make VARCHAR(200), model TEXT, year INT, color TEXT, name TEXT, description TEXT, isInNeedOfRepair BOOLEAN, isOnCall BOOLEAN, isOutWorking BOOLEAN, currentDriverId BIGINT, rid BIGINT IDENTITY PRIMARY KEY, id BIGINT, cf BOOLEAN, df BOOLEAN, arsd TIMESTAMP DEFAULT CURRENT_TIMESTAMP, ared TIMESTAMP NULL, euid BIGINT, esid BIGINT, tid BIGINT)
DISCONNECT
/*C4*/SET SCHEMA PUBLIC
CREATE TABLE IF NOT EXISTS FdfSystem ( name TEXT, description TEXT, sha256EncodedPassword TEXT, rid BIGINT IDENTITY PRIMARY KEY, id BIGINT, cf BOOLEAN, df BOOLEAN, arsd TIMESTAMP DEFAULT CURRENT_TIMESTAMP, ared TIMESTAMP NULL, euid BIGINT, esid BIGINT, tid BIGINT)
DISCONNECT
/*C5*/SET SCHEMA PUBLIC
CREATE TABLE IF NOT EXISTS FdfTenant ( name TEXT, description TEXT, webURL TEXT, isPrimary BOOLEAN, rid BIGINT IDENTITY PRIMARY KEY, id BIGINT, cf BOOLEAN, df BOOLEAN, arsd TIMESTAMP DEFAULT CURRENT_TIMESTAMP, ared TIMESTAMP NULL, euid BIGINT, esid BIGINT, tid BIGINT)
DISCONNECT
/*C6*/SET SCHEMA PUBLIC
DISCONNECT
/*C7*/SET SCHEMA PUBLIC
DISCONNECT
/*C8*/SET SCHEMA PUBLIC
DISCONNECT
/*C9*/SET SCHEMA PUBLIC
DISCONNECT
/*C10*/SET SCHEMA PUBLIC
DISCONNECT
/*C11*/SET SCHEMA PUBLIC
DISCONNECT
/*C12*/SET SCHEMA PUBLIC
DISCONNECT
/*C13*/SET SCHEMA PUBLIC
INSERT INTO FDFSYSTEM VALUES('4dflib','4df play example system','ed44a7295640af67ceba328aa841cf4d9bcb7a2a6e3f0b11e96339dc7386571e',0,1,TRUE,FALSE,'2016-09-08 16:04:50.971000',NULL,0,0,1)
COMMIT
DISCONNECT
/*C14*/SET SCHEMA PUBLIC
DISCONNECT
/*C15*/SET SCHEMA PUBLIC
DISCONNECT
/*C16*/SET SCHEMA PUBLIC
DISCONNECT
/*C17*/SET SCHEMA PUBLIC
DISCONNECT
/*C18*/SET SCHEMA PUBLIC
DISCONNECT
/*C19*/SET SCHEMA PUBLIC
INSERT INTO FDFSYSTEM VALUES('Default Test System','Default test system for use connecting to the system for testing','e8170b81964ea2a731ae7eedb9cfcb4939ec2161f456b1ec45204a4c4a926da4',1,2,TRUE,FALSE,'2016-09-08 16:04:51.622000',NULL,0,0,1)
COMMIT
DISCONNECT
/*C20*/SET SCHEMA PUBLIC
DISCONNECT
/*C21*/SET SCHEMA PUBLIC
DISCONNECT
/*C22*/SET SCHEMA PUBLIC
DISCONNECT
/*C23*/SET SCHEMA PUBLIC
DISCONNECT
/*C24*/SET SCHEMA PUBLIC
DISCONNECT
/*C25*/SET SCHEMA PUBLIC
DISCONNECT
/*C26*/SET SCHEMA PUBLIC
DISCONNECT
/*C27*/SET SCHEMA PUBLIC
INSERT INTO FDFTENANT VALUES('example-tenant','Default Tenant the 4df example','http://www.4dflib.com',TRUE,0,1,TRUE,FALSE,'2016-09-08 16:04:52.478000',NULL,1,1,1)
COMMIT
DISCONNECT
/*C28*/SET SCHEMA PUBLIC
DISCONNECT
/*C29*/SET SCHEMA PUBLIC
DISCONNECT
/*C30*/SET SCHEMA PUBLIC
DISCONNECT
/*C31*/SET SCHEMA PUBLIC
DISCONNECT
/*C32*/SET SCHEMA PUBLIC
DISCONNECT
/*C33*/SET SCHEMA PUBLIC
INSERT INTO DRIVER VALUES('Sam','Holden','212-555-1212',0,1,TRUE,FALSE,'2016-09-08 16:04:53.118000',NULL,-1,-1,1)
COMMIT
DISCONNECT
/*C34*/SET SCHEMA PUBLIC
DISCONNECT
/*C35*/SET SCHEMA PUBLIC
DISCONNECT
/*C36*/SET SCHEMA PUBLIC
DISCONNECT
/*C37*/SET SCHEMA PUBLIC
DISCONNECT
/*C38*/SET SCHEMA PUBLIC
INSERT INTO DRIVER VALUES('Sam','Smith','212-555-1313',1,2,TRUE,FALSE,'2016-09-08 16:04:53.651000',NULL,-1,-1,1)
COMMIT
DISCONNECT
/*C39*/SET SCHEMA PUBLIC
DISCONNECT
/*C40*/SET SCHEMA PUBLIC
DISCONNECT
/*C41*/SET SCHEMA PUBLIC
DISCONNECT
/*C42*/SET SCHEMA PUBLIC
DISCONNECT
/*C43*/SET SCHEMA PUBLIC
INSERT INTO DRIVER VALUES('Jack','Johnson','212-555-1414',2,3,TRUE,FALSE,'2016-09-08 16:04:54.183000',NULL,-1,-1,1)
COMMIT
DISCONNECT
/*C44*/SET SCHEMA PUBLIC
DISCONNECT
/*C45*/SET SCHEMA PUBLIC
DISCONNECT
/*C46*/SET SCHEMA PUBLIC
DISCONNECT
/*C47*/SET SCHEMA PUBLIC
DISCONNECT
/*C48*/SET SCHEMA PUBLIC
DISCONNECT
/*C49*/SET SCHEMA PUBLIC
INSERT INTO CAR VALUES('PONTIAC','Trans Am',1983,'Teal','Mufasa','Total awesomeness',FALSE,TRUE,NULL,-1,0,1,TRUE,FALSE,'2016-09-08 16:04:54.824000',NULL,-1,-1,1)
COMMIT
DISCONNECT
/*C50*/SET SCHEMA PUBLIC
DISCONNECT
/*C51*/SET SCHEMA PUBLIC
DISCONNECT
/*C52*/SET SCHEMA PUBLIC
DISCONNECT
/*C53*/SET SCHEMA PUBLIC
DISCONNECT
/*C54*/SET SCHEMA PUBLIC
DISCONNECT
/*C55*/SET SCHEMA PUBLIC
INSERT INTO CAR VALUES('FORD','LTD Crown Victoria',2000,'Yellow','Medallion 1','NYC has the best taxis',FALSE,TRUE,NULL,3,1,2,TRUE,FALSE,'2016-09-08 16:04:55.464000',NULL,-1,-1,1)
COMMIT
DISCONNECT
/*C56*/SET SCHEMA PUBLIC
DISCONNECT
/*C57*/SET SCHEMA PUBLIC
DISCONNECT
/*C58*/SET SCHEMA PUBLIC
DISCONNECT
/*C59*/SET SCHEMA PUBLIC
DISCONNECT
/*C60*/SET SCHEMA PUBLIC
DISCONNECT
/*C61*/SET SCHEMA PUBLIC
DELETE FROM CAR WHERE RID=0
INSERT INTO CAR VALUES('PONTIAC','Trans Am',1983,'Teal','Mufasa','Total awesomeness',FALSE,TRUE,NULL,-1,0,1,FALSE,FALSE,'2016-09-08 16:04:54.824000','2016-09-08 16:04:56.314000',-1,-1,1)
COMMIT
DISCONNECT
/*C62*/SET SCHEMA PUBLIC
INSERT INTO CAR VALUES('PONTIAC','Trans Am',1983,'Teal','Mufasa','Total awesomeness',FALSE,TRUE,NULL,2,2,1,TRUE,FALSE,'2016-09-08 16:04:56.209000',NULL,-1,-1,1)
COMMIT
DISCONNECT
/*C63*/SET SCHEMA PUBLIC
DISCONNECT
/*C64*/SET SCHEMA PUBLIC
DISCONNECT
/*C66*/SET SCHEMA PUBLIC
DISCONNECT
/*C65*/SET SCHEMA PUBLIC
DISCONNECT
/*C67*/SET SCHEMA PUBLIC
DISCONNECT
/*C68*/SET SCHEMA PUBLIC
DISCONNECT
